<?xml version="1.0" encoding="UTF-8"?>
<testsuite name="com.dyson.book.springboot.web.HelloControllerTest" tests="2" skipped="0" failures="0" errors="0" timestamp="2020-03-09T08:09:46" hostname="DESKTOP-ANJ5GB2" time="0.05">
  <properties/>
  <testcase name="hello가_리턴된다" classname="com.dyson.book.springboot.web.HelloControllerTest" time="0.015"/>
  <testcase name="helloDto가_리턴된다" classname="com.dyson.book.springboot.web.HelloControllerTest" time="0.034"/>
  <system-out><![CDATA[2020-03-09 17:09:45.910  INFO 2880 --- [    Test worker] .b.t.a.w.s.WebMvcTestContextBootstrapper : Neither @ContextConfiguration nor @ContextHierarchy found for test class [com.dyson.book.springboot.web.HelloControllerTest], using SpringBootContextLoader
2020-03-09 17:09:45.911  INFO 2880 --- [    Test worker] o.s.t.c.support.AbstractContextLoader    : Could not detect default resource locations for test class [com.dyson.book.springboot.web.HelloControllerTest]: no resource found for suffixes {-context.xml, Context.groovy}.
2020-03-09 17:09:45.912  INFO 2880 --- [    Test worker] t.c.s.AnnotationConfigContextLoaderUtils : Could not detect default configuration classes for test class [com.dyson.book.springboot.web.HelloControllerTest]: HelloControllerTest does not declare any static, non-private, non-final, nested classes annotated with @Configuration.
2020-03-09 17:09:45.932  INFO 2880 --- [    Test worker] .b.t.c.SpringBootTestContextBootstrapper : Found @SpringBootConfiguration com.dyson.book.springboot.Application for test class com.dyson.book.springboot.web.HelloControllerTest
2020-03-09 17:09:45.933  INFO 2880 --- [    Test worker] .b.t.a.w.s.WebMvcTestContextBootstrapper : Loaded default TestExecutionListener class names from location [META-INF/spring.factories]: [org.springframework.security.test.context.support.WithSecurityContextTestExecutionListener, org.springframework.security.test.context.support.ReactorContextTestExecutionListener, org.springframework.boot.test.autoconfigure.restdocs.RestDocsTestExecutionListener, org.springframework.boot.test.autoconfigure.web.client.MockRestServiceServerResetTestExecutionListener, org.springframework.boot.test.autoconfigure.web.servlet.MockMvcPrintOnlyOnFailureTestExecutionListener, org.springframework.boot.test.autoconfigure.web.servlet.WebDriverTestExecutionListener, org.springframework.boot.test.mock.mockito.MockitoTestExecutionListener, org.springframework.boot.test.mock.mockito.ResetMocksTestExecutionListener, org.springframework.test.context.web.ServletTestExecutionListener, org.springframework.test.context.support.DirtiesContextBeforeModesTestExecutionListener, org.springframework.test.context.support.DependencyInjectionTestExecutionListener, org.springframework.test.context.support.DirtiesContextTestExecutionListener, org.springframework.test.context.transaction.TransactionalTestExecutionListener, org.springframework.test.context.jdbc.SqlScriptsTestExecutionListener]
2020-03-09 17:09:45.935  INFO 2880 --- [    Test worker] .b.t.a.w.s.WebMvcTestContextBootstrapper : Using TestExecutionListeners: [org.springframework.test.context.web.ServletTestExecutionListener@498fd993, org.springframework.test.context.support.DirtiesContextBeforeModesTestExecutionListener@16a45392, org.springframework.boot.test.mock.mockito.MockitoTestExecutionListener@546bee01, org.springframework.boot.test.autoconfigure.SpringBootDependencyInjectionTestExecutionListener@46b98330, org.springframework.test.context.support.DirtiesContextTestExecutionListener@71cd8935, org.springframework.test.context.transaction.TransactionalTestExecutionListener@45c17c5d, org.springframework.test.context.jdbc.SqlScriptsTestExecutionListener@4ed18902, org.springframework.security.test.context.support.WithSecurityContextTestExecutionListener@44fb23eb, org.springframework.security.test.context.support.ReactorContextTestExecutionListener@59629e60, org.springframework.boot.test.autoconfigure.restdocs.RestDocsTestExecutionListener@170f3285, org.springframework.boot.test.autoconfigure.web.client.MockRestServiceServerResetTestExecutionListener@555420ff, org.springframework.boot.test.autoconfigure.web.servlet.MockMvcPrintOnlyOnFailureTestExecutionListener@48adb5c5, org.springframework.boot.test.autoconfigure.web.servlet.WebDriverTestExecutionListener@5f1b32e, org.springframework.boot.test.mock.mockito.ResetMocksTestExecutionListener@6b84220f]

  .   ____          _            __ _ _
 /\\ / ___'_ __ _ _(_)_ __  __ _ \ \ \ \
( ( )\___ | '_ | '_| | '_ \/ _` | \ \ \ \
 \\/  ___)| |_)| | | | | || (_| |  ) ) ) )
  '  |____| .__|_| |_|_| |_\__, | / / / /
 =========|_|==============|___/=/_/_/_/
 :: Spring Boot ::        (v2.1.7.RELEASE)

2020-03-09 17:09:46.003  INFO 2880 --- [    Test worker] c.d.b.s.web.HelloControllerTest          : Starting HelloControllerTest on DESKTOP-ANJ5GB2 with PID 2880 (started by DreamTheater in C:\Dyson\programmer\IDE\IntelliJ)
2020-03-09 17:09:46.003  INFO 2880 --- [    Test worker] c.d.b.s.web.HelloControllerTest          : The following profiles are active: real-oauth
2020-03-09 17:09:46.545  INFO 2880 --- [    Test worker] o.s.s.concurrent.ThreadPoolTaskExecutor  : Initializing ExecutorService 'applicationTaskExecutor'
2020-03-09 17:09:46.580  INFO 2880 --- [    Test worker] o.s.b.a.w.s.WelcomePageHandlerMapping    : Adding welcome page template: index
2020-03-09 17:09:46.806  INFO 2880 --- [    Test worker] .s.s.UserDetailsServiceAutoConfiguration : 

Using generated security password: affc608b-4841-4d7e-8e98-5639705e97c3

2020-03-09 17:09:46.927  INFO 2880 --- [    Test worker] o.s.s.web.DefaultSecurityFilterChain     : Creating filter chain: any request, [org.springframework.security.web.context.request.async.WebAsyncManagerIntegrationFilter@3e05b13e, org.springframework.security.web.context.SecurityContextPersistenceFilter@25e2324d, org.springframework.security.web.header.HeaderWriterFilter@276c95db, org.springframework.security.web.csrf.CsrfFilter@3467c0d3, org.springframework.security.web.authentication.logout.LogoutFilter@5d7cff2e, org.springframework.security.web.authentication.UsernamePasswordAuthenticationFilter@4f4d340b, org.springframework.security.web.authentication.ui.DefaultLoginPageGeneratingFilter@26ff42ac, org.springframework.security.web.authentication.ui.DefaultLogoutPageGeneratingFilter@7ff65a94, org.springframework.security.web.authentication.www.BasicAuthenticationFilter@3d11a7ad, org.springframework.security.web.savedrequest.RequestCacheAwareFilter@75ac47b7, org.springframework.security.web.servletapi.SecurityContextHolderAwareRequestFilter@36adc694, org.springframework.security.web.authentication.AnonymousAuthenticationFilter@4f6aa608, org.springframework.security.web.session.SessionManagementFilter@2d07b8bd, org.springframework.security.web.access.ExceptionTranslationFilter@69272729, org.springframework.security.web.access.intercept.FilterSecurityInterceptor@1f3749b6]
2020-03-09 17:09:46.941  INFO 2880 --- [    Test worker] o.s.b.t.m.w.SpringBootMockServletContext : Initializing Spring TestDispatcherServlet ''
2020-03-09 17:09:46.941  INFO 2880 --- [    Test worker] o.s.t.web.servlet.TestDispatcherServlet  : Initializing Servlet ''
2020-03-09 17:09:46.945  INFO 2880 --- [    Test worker] o.s.t.web.servlet.TestDispatcherServlet  : Completed initialization in 4 ms
2020-03-09 17:09:46.971  INFO 2880 --- [    Test worker] c.d.b.s.web.HelloControllerTest          : Started HelloControllerTest in 1.034 seconds (JVM running for 14.885)
]]></system-out>
  <system-err><![CDATA[]]></system-err>
</testsuite>
