<?xml version="1.0" encoding="UTF-8"?>
<testsuite name="com.dyson.book.springboot.web.PostsApiControllerTest" tests="2" skipped="0" failures="0" errors="0" timestamp="2020-03-10T03:00:51" hostname="DESKTOP-ANJ5GB2" time="0.146">
  <properties/>
  <testcase name="Posts_등록된다" classname="com.dyson.book.springboot.web.PostsApiControllerTest" time="0.101"/>
  <testcase name="Posts_수정된다" classname="com.dyson.book.springboot.web.PostsApiControllerTest" time="0.045"/>
  <system-out><![CDATA[2020-03-10 12:00:51.960  INFO 2644 --- [    Test worker] .b.t.c.SpringBootTestContextBootstrapper : Neither @ContextConfiguration nor @ContextHierarchy found for test class [com.dyson.book.springboot.web.PostsApiControllerTest], using SpringBootContextLoader
2020-03-10 12:00:51.962  INFO 2644 --- [    Test worker] o.s.t.c.support.AbstractContextLoader    : Could not detect default resource locations for test class [com.dyson.book.springboot.web.PostsApiControllerTest]: no resource found for suffixes {-context.xml, Context.groovy}.
2020-03-10 12:00:51.962  INFO 2644 --- [    Test worker] t.c.s.AnnotationConfigContextLoaderUtils : Could not detect default configuration classes for test class [com.dyson.book.springboot.web.PostsApiControllerTest]: PostsApiControllerTest does not declare any static, non-private, non-final, nested classes annotated with @Configuration.
2020-03-10 12:00:51.965  INFO 2644 --- [    Test worker] .b.t.c.SpringBootTestContextBootstrapper : Found @SpringBootConfiguration com.dyson.book.springboot.Application for test class com.dyson.book.springboot.web.PostsApiControllerTest
2020-03-10 12:00:51.967  INFO 2644 --- [    Test worker] .b.t.c.SpringBootTestContextBootstrapper : Loaded default TestExecutionListener class names from location [META-INF/spring.factories]: [org.springframework.security.test.context.support.WithSecurityContextTestExecutionListener, org.springframework.security.test.context.support.ReactorContextTestExecutionListener, org.springframework.boot.test.autoconfigure.restdocs.RestDocsTestExecutionListener, org.springframework.boot.test.autoconfigure.web.client.MockRestServiceServerResetTestExecutionListener, org.springframework.boot.test.autoconfigure.web.servlet.MockMvcPrintOnlyOnFailureTestExecutionListener, org.springframework.boot.test.autoconfigure.web.servlet.WebDriverTestExecutionListener, org.springframework.boot.test.mock.mockito.MockitoTestExecutionListener, org.springframework.boot.test.mock.mockito.ResetMocksTestExecutionListener, org.springframework.test.context.web.ServletTestExecutionListener, org.springframework.test.context.support.DirtiesContextBeforeModesTestExecutionListener, org.springframework.test.context.support.DependencyInjectionTestExecutionListener, org.springframework.test.context.support.DirtiesContextTestExecutionListener, org.springframework.test.context.transaction.TransactionalTestExecutionListener, org.springframework.test.context.jdbc.SqlScriptsTestExecutionListener]
2020-03-10 12:00:51.969  INFO 2644 --- [    Test worker] .b.t.c.SpringBootTestContextBootstrapper : Using TestExecutionListeners: [org.springframework.test.context.web.ServletTestExecutionListener@4ed31a04, org.springframework.test.context.support.DirtiesContextBeforeModesTestExecutionListener@1f8bb502, org.springframework.boot.test.mock.mockito.MockitoTestExecutionListener@e671eab, org.springframework.boot.test.autoconfigure.SpringBootDependencyInjectionTestExecutionListener@47959919, org.springframework.test.context.support.DirtiesContextTestExecutionListener@1140a8d5, org.springframework.test.context.transaction.TransactionalTestExecutionListener@53a13c5a, org.springframework.test.context.jdbc.SqlScriptsTestExecutionListener@6505e2c3, org.springframework.security.test.context.support.WithSecurityContextTestExecutionListener@eb3e22b, org.springframework.security.test.context.support.ReactorContextTestExecutionListener@1a21f528, org.springframework.boot.test.autoconfigure.restdocs.RestDocsTestExecutionListener@403859da, org.springframework.boot.test.autoconfigure.web.client.MockRestServiceServerResetTestExecutionListener@a61b8e4, org.springframework.boot.test.autoconfigure.web.servlet.MockMvcPrintOnlyOnFailureTestExecutionListener@1bd2a139, org.springframework.boot.test.autoconfigure.web.servlet.WebDriverTestExecutionListener@e4f9fde, org.springframework.boot.test.mock.mockito.ResetMocksTestExecutionListener@c3be144]
2020-03-10 12:00:51.983  INFO 2644 --- [    Test worker] o.a.c.c.C.[Tomcat].[localhost].[/]       : Initializing Spring TestDispatcherServlet ''
2020-03-10 12:00:51.983  INFO 2644 --- [    Test worker] o.s.t.web.servlet.TestDispatcherServlet  : Initializing Servlet ''
2020-03-10 12:00:51.988  INFO 2644 --- [    Test worker] o.s.t.web.servlet.TestDispatcherServlet  : Completed initialization in 5 ms
Hibernate: insert into posts (created_date, modified_date, author, content, title) values (?, ?, ?, ?, ?)
Hibernate: select posts0_.id as id1_0_, posts0_.created_date as created_2_0_, posts0_.modified_date as modified3_0_, posts0_.author as author4_0_, posts0_.content as content5_0_, posts0_.title as title6_0_ from posts posts0_
Hibernate: select posts0_.id as id1_0_, posts0_.created_date as created_2_0_, posts0_.modified_date as modified3_0_, posts0_.author as author4_0_, posts0_.content as content5_0_, posts0_.title as title6_0_ from posts posts0_
Hibernate: delete from posts where id=?
2020-03-10 12:00:52.079  INFO 2644 --- [    Test worker] o.a.c.c.C.[Tomcat].[localhost].[/]       : Initializing Spring TestDispatcherServlet ''
2020-03-10 12:00:52.079  INFO 2644 --- [    Test worker] o.s.t.web.servlet.TestDispatcherServlet  : Initializing Servlet ''
2020-03-10 12:00:52.082  INFO 2644 --- [    Test worker] o.s.t.web.servlet.TestDispatcherServlet  : Completed initialization in 3 ms
Hibernate: insert into posts (created_date, modified_date, author, content, title) values (?, ?, ?, ?, ?)
Hibernate: select posts0_.id as id1_0_0_, posts0_.created_date as created_2_0_0_, posts0_.modified_date as modified3_0_0_, posts0_.author as author4_0_0_, posts0_.content as content5_0_0_, posts0_.title as title6_0_0_ from posts posts0_ where posts0_.id=?
Hibernate: update posts set created_date=?, modified_date=?, author=?, content=?, title=? where id=?
Hibernate: select posts0_.id as id1_0_, posts0_.created_date as created_2_0_, posts0_.modified_date as modified3_0_, posts0_.author as author4_0_, posts0_.content as content5_0_, posts0_.title as title6_0_ from posts posts0_
Hibernate: select posts0_.id as id1_0_, posts0_.created_date as created_2_0_, posts0_.modified_date as modified3_0_, posts0_.author as author4_0_, posts0_.content as content5_0_, posts0_.title as title6_0_ from posts posts0_
Hibernate: delete from posts where id=?
]]></system-out>
  <system-err><![CDATA[]]></system-err>
</testsuite>
