<?xml version="1.0" encoding="UTF-8"?>
<testsuite name="com.dyson.book.springboot.web.HelloControllerTest" tests="2" skipped="0" failures="0" errors="0" timestamp="2020-03-10T03:00:48" hostname="DESKTOP-ANJ5GB2" time="0.233">
  <properties/>
  <testcase name="hello가_리턴된다" classname="com.dyson.book.springboot.web.HelloControllerTest" time="0.115"/>
  <testcase name="helloDto가_리턴된다" classname="com.dyson.book.springboot.web.HelloControllerTest" time="0.117"/>
  <system-out><![CDATA[2020-03-10 12:00:46.790  INFO 2644 --- [    Test worker] .b.t.a.w.s.WebMvcTestContextBootstrapper : Neither @ContextConfiguration nor @ContextHierarchy found for test class [com.dyson.book.springboot.web.HelloControllerTest], using SpringBootContextLoader
2020-03-10 12:00:46.791  INFO 2644 --- [    Test worker] o.s.t.c.support.AbstractContextLoader    : Could not detect default resource locations for test class [com.dyson.book.springboot.web.HelloControllerTest]: no resource found for suffixes {-context.xml, Context.groovy}.
2020-03-10 12:00:46.792  INFO 2644 --- [    Test worker] t.c.s.AnnotationConfigContextLoaderUtils : Could not detect default configuration classes for test class [com.dyson.book.springboot.web.HelloControllerTest]: HelloControllerTest does not declare any static, non-private, non-final, nested classes annotated with @Configuration.
2020-03-10 12:00:46.818  INFO 2644 --- [    Test worker] .b.t.c.SpringBootTestContextBootstrapper : Found @SpringBootConfiguration com.dyson.book.springboot.Application for test class com.dyson.book.springboot.web.HelloControllerTest
2020-03-10 12:00:46.819  INFO 2644 --- [    Test worker] .b.t.a.w.s.WebMvcTestContextBootstrapper : Loaded default TestExecutionListener class names from location [META-INF/spring.factories]: [org.springframework.security.test.context.support.WithSecurityContextTestExecutionListener, org.springframework.security.test.context.support.ReactorContextTestExecutionListener, org.springframework.boot.test.autoconfigure.restdocs.RestDocsTestExecutionListener, org.springframework.boot.test.autoconfigure.web.client.MockRestServiceServerResetTestExecutionListener, org.springframework.boot.test.autoconfigure.web.servlet.MockMvcPrintOnlyOnFailureTestExecutionListener, org.springframework.boot.test.autoconfigure.web.servlet.WebDriverTestExecutionListener, org.springframework.boot.test.mock.mockito.MockitoTestExecutionListener, org.springframework.boot.test.mock.mockito.ResetMocksTestExecutionListener, org.springframework.test.context.web.ServletTestExecutionListener, org.springframework.test.context.support.DirtiesContextBeforeModesTestExecutionListener, org.springframework.test.context.support.DependencyInjectionTestExecutionListener, org.springframework.test.context.support.DirtiesContextTestExecutionListener, org.springframework.test.context.transaction.TransactionalTestExecutionListener, org.springframework.test.context.jdbc.SqlScriptsTestExecutionListener]
2020-03-10 12:00:46.821  INFO 2644 --- [    Test worker] .b.t.a.w.s.WebMvcTestContextBootstrapper : Using TestExecutionListeners: [org.springframework.test.context.web.ServletTestExecutionListener@37b73cd5, org.springframework.test.context.support.DirtiesContextBeforeModesTestExecutionListener@29db8270, org.springframework.boot.test.mock.mockito.MockitoTestExecutionListener@685f3e7b, org.springframework.boot.test.autoconfigure.SpringBootDependencyInjectionTestExecutionListener@7442ec00, org.springframework.test.context.support.DirtiesContextTestExecutionListener@7a9d37c9, org.springframework.test.context.transaction.TransactionalTestExecutionListener@f20f2e8, org.springframework.test.context.jdbc.SqlScriptsTestExecutionListener@1e1db991, org.springframework.security.test.context.support.WithSecurityContextTestExecutionListener@7ddc64be, org.springframework.security.test.context.support.ReactorContextTestExecutionListener@6e6c37b3, org.springframework.boot.test.autoconfigure.restdocs.RestDocsTestExecutionListener@66d32f24, org.springframework.boot.test.autoconfigure.web.client.MockRestServiceServerResetTestExecutionListener@1571d35e, org.springframework.boot.test.autoconfigure.web.servlet.MockMvcPrintOnlyOnFailureTestExecutionListener@b16acda, org.springframework.boot.test.autoconfigure.web.servlet.WebDriverTestExecutionListener@448d3a4, org.springframework.boot.test.mock.mockito.ResetMocksTestExecutionListener@7b9d6606]

  .   ____          _            __ _ _
 /\\ / ___'_ __ _ _(_)_ __  __ _ \ \ \ \
( ( )\___ | '_ | '_| | '_ \/ _` | \ \ \ \
 \\/  ___)| |_)| | | | | || (_| |  ) ) ) )
  '  |____| .__|_| |_|_| |_\__, | / / / /
 =========|_|==============|___/=/_/_/_/
 :: Spring Boot ::        (v2.1.7.RELEASE)

2020-03-10 12:00:46.881  INFO 2644 --- [    Test worker] c.d.b.s.web.HelloControllerTest          : Starting HelloControllerTest on DESKTOP-ANJ5GB2 with PID 2644 (started by DreamTheater in C:\Dyson\programmer\IDE\IntelliJ)
2020-03-10 12:00:46.882  INFO 2644 --- [    Test worker] c.d.b.s.web.HelloControllerTest          : No active profile set, falling back to default profiles: default
2020-03-10 12:00:47.507  INFO 2644 --- [    Test worker] o.s.s.concurrent.ThreadPoolTaskExecutor  : Initializing ExecutorService 'applicationTaskExecutor'
2020-03-10 12:00:47.562  INFO 2644 --- [    Test worker] o.s.b.a.w.s.WelcomePageHandlerMapping    : Adding welcome page template: index
2020-03-10 12:00:47.878  INFO 2644 --- [    Test worker] .s.s.UserDetailsServiceAutoConfiguration : 

Using generated security password: 246e3389-2bf0-4386-a253-96272f36aefe

2020-03-10 12:00:48.122  INFO 2644 --- [    Test worker] o.s.s.web.DefaultSecurityFilterChain     : Creating filter chain: any request, [org.springframework.security.web.context.request.async.WebAsyncManagerIntegrationFilter@51a800a9, org.springframework.security.web.context.SecurityContextPersistenceFilter@7d53ed2c, org.springframework.security.web.header.HeaderWriterFilter@147ab38, org.springframework.security.web.csrf.CsrfFilter@361e8c08, org.springframework.security.web.authentication.logout.LogoutFilter@31e6a15c, org.springframework.security.web.authentication.UsernamePasswordAuthenticationFilter@74c7316c, org.springframework.security.web.authentication.ui.DefaultLoginPageGeneratingFilter@7cc27192, org.springframework.security.web.authentication.ui.DefaultLogoutPageGeneratingFilter@8404339, org.springframework.security.web.authentication.www.BasicAuthenticationFilter@28b68156, org.springframework.security.web.savedrequest.RequestCacheAwareFilter@5b4e0f28, org.springframework.security.web.servletapi.SecurityContextHolderAwareRequestFilter@67ec6112, org.springframework.security.web.authentication.AnonymousAuthenticationFilter@1460df56, org.springframework.security.web.session.SessionManagementFilter@43fb09d4, org.springframework.security.web.access.ExceptionTranslationFilter@62088668, org.springframework.security.web.access.intercept.FilterSecurityInterceptor@1226b4ab]
2020-03-10 12:00:48.169  INFO 2644 --- [    Test worker] o.s.b.t.m.w.SpringBootMockServletContext : Initializing Spring TestDispatcherServlet ''
2020-03-10 12:00:48.169  INFO 2644 --- [    Test worker] o.s.t.web.servlet.TestDispatcherServlet  : Initializing Servlet ''
2020-03-10 12:00:48.190  INFO 2644 --- [    Test worker] o.s.t.web.servlet.TestDispatcherServlet  : Completed initialization in 21 ms
2020-03-10 12:00:48.240  INFO 2644 --- [    Test worker] c.d.b.s.web.HelloControllerTest          : Started HelloControllerTest in 1.416 seconds (JVM running for 12.127)
]]></system-out>
  <system-err><![CDATA[]]></system-err>
</testsuite>
