<?xml version="1.0" encoding="UTF-8"?>
<testsuite name="com.dyson.book.springboot.web.HelloControllerTest" tests="2" skipped="0" failures="0" errors="0" timestamp="2020-03-09T14:41:45" hostname="DESKTOP-ANJ5GB2" time="0.212">
  <properties/>
  <testcase name="hello가_리턴된다" classname="com.dyson.book.springboot.web.HelloControllerTest" time="0.099"/>
  <testcase name="helloDto가_리턴된다" classname="com.dyson.book.springboot.web.HelloControllerTest" time="0.113"/>
  <system-out><![CDATA[2020-03-09 23:41:43.601  INFO 16240 --- [    Test worker] .b.t.a.w.s.WebMvcTestContextBootstrapper : Neither @ContextConfiguration nor @ContextHierarchy found for test class [com.dyson.book.springboot.web.HelloControllerTest], using SpringBootContextLoader
2020-03-09 23:41:43.603  INFO 16240 --- [    Test worker] o.s.t.c.support.AbstractContextLoader    : Could not detect default resource locations for test class [com.dyson.book.springboot.web.HelloControllerTest]: no resource found for suffixes {-context.xml, Context.groovy}.
2020-03-09 23:41:43.603  INFO 16240 --- [    Test worker] t.c.s.AnnotationConfigContextLoaderUtils : Could not detect default configuration classes for test class [com.dyson.book.springboot.web.HelloControllerTest]: HelloControllerTest does not declare any static, non-private, non-final, nested classes annotated with @Configuration.
2020-03-09 23:41:43.631  INFO 16240 --- [    Test worker] .b.t.c.SpringBootTestContextBootstrapper : Found @SpringBootConfiguration com.dyson.book.springboot.Application for test class com.dyson.book.springboot.web.HelloControllerTest
2020-03-09 23:41:43.631  INFO 16240 --- [    Test worker] .b.t.a.w.s.WebMvcTestContextBootstrapper : Loaded default TestExecutionListener class names from location [META-INF/spring.factories]: [org.springframework.security.test.context.support.WithSecurityContextTestExecutionListener, org.springframework.security.test.context.support.ReactorContextTestExecutionListener, org.springframework.boot.test.autoconfigure.restdocs.RestDocsTestExecutionListener, org.springframework.boot.test.autoconfigure.web.client.MockRestServiceServerResetTestExecutionListener, org.springframework.boot.test.autoconfigure.web.servlet.MockMvcPrintOnlyOnFailureTestExecutionListener, org.springframework.boot.test.autoconfigure.web.servlet.WebDriverTestExecutionListener, org.springframework.boot.test.mock.mockito.MockitoTestExecutionListener, org.springframework.boot.test.mock.mockito.ResetMocksTestExecutionListener, org.springframework.test.context.web.ServletTestExecutionListener, org.springframework.test.context.support.DirtiesContextBeforeModesTestExecutionListener, org.springframework.test.context.support.DependencyInjectionTestExecutionListener, org.springframework.test.context.support.DirtiesContextTestExecutionListener, org.springframework.test.context.transaction.TransactionalTestExecutionListener, org.springframework.test.context.jdbc.SqlScriptsTestExecutionListener]
2020-03-09 23:41:43.633  INFO 16240 --- [    Test worker] .b.t.a.w.s.WebMvcTestContextBootstrapper : Using TestExecutionListeners: [org.springframework.test.context.web.ServletTestExecutionListener@1571d35e, org.springframework.test.context.support.DirtiesContextBeforeModesTestExecutionListener@b16acda, org.springframework.boot.test.mock.mockito.MockitoTestExecutionListener@448d3a4, org.springframework.boot.test.autoconfigure.SpringBootDependencyInjectionTestExecutionListener@7b9d6606, org.springframework.test.context.support.DirtiesContextTestExecutionListener@606db108, org.springframework.test.context.transaction.TransactionalTestExecutionListener@5ea3a1a3, org.springframework.test.context.jdbc.SqlScriptsTestExecutionListener@1cb48c20, org.springframework.security.test.context.support.WithSecurityContextTestExecutionListener@c0964e6, org.springframework.security.test.context.support.ReactorContextTestExecutionListener@161619e, org.springframework.boot.test.autoconfigure.restdocs.RestDocsTestExecutionListener@428c76a8, org.springframework.boot.test.autoconfigure.web.client.MockRestServiceServerResetTestExecutionListener@7a612755, org.springframework.boot.test.autoconfigure.web.servlet.MockMvcPrintOnlyOnFailureTestExecutionListener@3d8852ab, org.springframework.boot.test.autoconfigure.web.servlet.WebDriverTestExecutionListener@37efb915, org.springframework.boot.test.mock.mockito.ResetMocksTestExecutionListener@16f7a076]

  .   ____          _            __ _ _
 /\\ / ___'_ __ _ _(_)_ __  __ _ \ \ \ \
( ( )\___ | '_ | '_| | '_ \/ _` | \ \ \ \
 \\/  ___)| |_)| | | | | || (_| |  ) ) ) )
  '  |____| .__|_| |_|_| |_\__, | / / / /
 =========|_|==============|___/=/_/_/_/
 :: Spring Boot ::        (v2.1.7.RELEASE)

2020-03-09 23:41:43.692  INFO 16240 --- [    Test worker] c.d.b.s.web.HelloControllerTest          : Starting HelloControllerTest on DESKTOP-ANJ5GB2 with PID 16240 (started by DreamTheater in C:\Dyson\programmer\IDE\IntelliJ)
2020-03-09 23:41:43.693  INFO 16240 --- [    Test worker] c.d.b.s.web.HelloControllerTest          : The following profiles are active: real-oauth
2020-03-09 23:41:44.314  INFO 16240 --- [    Test worker] o.s.s.concurrent.ThreadPoolTaskExecutor  : Initializing ExecutorService 'applicationTaskExecutor'
2020-03-09 23:41:44.363  INFO 16240 --- [    Test worker] o.s.b.a.w.s.WelcomePageHandlerMapping    : Adding welcome page template: index
2020-03-09 23:41:44.673  INFO 16240 --- [    Test worker] .s.s.UserDetailsServiceAutoConfiguration : 

Using generated security password: 698f75fd-8963-4e22-8d12-e05f5d4b92cd

2020-03-09 23:41:44.899  INFO 16240 --- [    Test worker] o.s.s.web.DefaultSecurityFilterChain     : Creating filter chain: any request, [org.springframework.security.web.context.request.async.WebAsyncManagerIntegrationFilter@514974d1, org.springframework.security.web.context.SecurityContextPersistenceFilter@31e6a15c, org.springframework.security.web.header.HeaderWriterFilter@1e9ad9ab, org.springframework.security.web.csrf.CsrfFilter@5b4e0f28, org.springframework.security.web.authentication.logout.LogoutFilter@24e00548, org.springframework.security.web.authentication.UsernamePasswordAuthenticationFilter@51a800a9, org.springframework.security.web.authentication.ui.DefaultLoginPageGeneratingFilter@16ce0b6f, org.springframework.security.web.authentication.ui.DefaultLogoutPageGeneratingFilter@7cad2b10, org.springframework.security.web.authentication.www.BasicAuthenticationFilter@49124200, org.springframework.security.web.savedrequest.RequestCacheAwareFilter@5e470813, org.springframework.security.web.servletapi.SecurityContextHolderAwareRequestFilter@1658c5f1, org.springframework.security.web.authentication.AnonymousAuthenticationFilter@27f474c7, org.springframework.security.web.session.SessionManagementFilter@3506b21f, org.springframework.security.web.access.ExceptionTranslationFilter@7cc27192, org.springframework.security.web.access.intercept.FilterSecurityInterceptor@c580b4d]
2020-03-09 23:41:44.940  INFO 16240 --- [    Test worker] o.s.b.t.m.w.SpringBootMockServletContext : Initializing Spring TestDispatcherServlet ''
2020-03-09 23:41:44.941  INFO 16240 --- [    Test worker] o.s.t.web.servlet.TestDispatcherServlet  : Initializing Servlet ''
2020-03-09 23:41:44.957  INFO 16240 --- [    Test worker] o.s.t.web.servlet.TestDispatcherServlet  : Completed initialization in 16 ms
2020-03-09 23:41:45.001  INFO 16240 --- [    Test worker] c.d.b.s.web.HelloControllerTest          : Started HelloControllerTest in 1.366 seconds (JVM running for 12.36)
]]></system-out>
  <system-err><![CDATA[]]></system-err>
</testsuite>
