<?xml version="1.0" encoding="UTF-8"?>
<testsuite name="com.dyson.book.springboot.web.IndexControllerTest" tests="1" skipped="0" failures="0" errors="0" timestamp="2020-03-09T08:09:45" hostname="DESKTOP-ANJ5GB2" time="0.258">
  <properties/>
  <testcase name="메인페이지_로딩" classname="com.dyson.book.springboot.web.IndexControllerTest" time="0.258"/>
  <system-out><![CDATA[2020-03-09 17:09:42.463  INFO 2880 --- [    Test worker] .b.t.c.SpringBootTestContextBootstrapper : Neither @ContextConfiguration nor @ContextHierarchy found for test class [com.dyson.book.springboot.web.IndexControllerTest], using SpringBootContextLoader
2020-03-09 17:09:42.464  INFO 2880 --- [    Test worker] o.s.t.c.support.AbstractContextLoader    : Could not detect default resource locations for test class [com.dyson.book.springboot.web.IndexControllerTest]: no resource found for suffixes {-context.xml, Context.groovy}.
2020-03-09 17:09:42.464  INFO 2880 --- [    Test worker] t.c.s.AnnotationConfigContextLoaderUtils : Could not detect default configuration classes for test class [com.dyson.book.springboot.web.IndexControllerTest]: IndexControllerTest does not declare any static, non-private, non-final, nested classes annotated with @Configuration.
2020-03-09 17:09:42.489  INFO 2880 --- [    Test worker] .b.t.c.SpringBootTestContextBootstrapper : Found @SpringBootConfiguration com.dyson.book.springboot.Application for test class com.dyson.book.springboot.web.IndexControllerTest
2020-03-09 17:09:42.493  INFO 2880 --- [    Test worker] .b.t.c.SpringBootTestContextBootstrapper : Loaded default TestExecutionListener class names from location [META-INF/spring.factories]: [org.springframework.security.test.context.support.WithSecurityContextTestExecutionListener, org.springframework.security.test.context.support.ReactorContextTestExecutionListener, org.springframework.boot.test.autoconfigure.restdocs.RestDocsTestExecutionListener, org.springframework.boot.test.autoconfigure.web.client.MockRestServiceServerResetTestExecutionListener, org.springframework.boot.test.autoconfigure.web.servlet.MockMvcPrintOnlyOnFailureTestExecutionListener, org.springframework.boot.test.autoconfigure.web.servlet.WebDriverTestExecutionListener, org.springframework.boot.test.mock.mockito.MockitoTestExecutionListener, org.springframework.boot.test.mock.mockito.ResetMocksTestExecutionListener, org.springframework.test.context.web.ServletTestExecutionListener, org.springframework.test.context.support.DirtiesContextBeforeModesTestExecutionListener, org.springframework.test.context.support.DependencyInjectionTestExecutionListener, org.springframework.test.context.support.DirtiesContextTestExecutionListener, org.springframework.test.context.transaction.TransactionalTestExecutionListener, org.springframework.test.context.jdbc.SqlScriptsTestExecutionListener]
2020-03-09 17:09:42.501  INFO 2880 --- [    Test worker] .b.t.c.SpringBootTestContextBootstrapper : Using TestExecutionListeners: [org.springframework.test.context.web.ServletTestExecutionListener@3d14cc43, org.springframework.test.context.support.DirtiesContextBeforeModesTestExecutionListener@6722a43c, org.springframework.boot.test.mock.mockito.MockitoTestExecutionListener@1c49886, org.springframework.boot.test.autoconfigure.SpringBootDependencyInjectionTestExecutionListener@7b2167a8, org.springframework.test.context.support.DirtiesContextTestExecutionListener@60ccda5b, org.springframework.test.context.transaction.TransactionalTestExecutionListener@12bd913a, org.springframework.test.context.jdbc.SqlScriptsTestExecutionListener@37983b43, org.springframework.security.test.context.support.WithSecurityContextTestExecutionListener@4774063f, org.springframework.security.test.context.support.ReactorContextTestExecutionListener@416c0288, org.springframework.boot.test.autoconfigure.restdocs.RestDocsTestExecutionListener@3fa66fde, org.springframework.boot.test.autoconfigure.web.client.MockRestServiceServerResetTestExecutionListener@4912094a, org.springframework.boot.test.autoconfigure.web.servlet.MockMvcPrintOnlyOnFailureTestExecutionListener@2e30aba9, org.springframework.boot.test.autoconfigure.web.servlet.WebDriverTestExecutionListener@fe984a5, org.springframework.boot.test.mock.mockito.ResetMocksTestExecutionListener@33dc219]

  .   ____          _            __ _ _
 /\\ / ___'_ __ _ _(_)_ __  __ _ \ \ \ \
( ( )\___ | '_ | '_| | '_ \/ _` | \ \ \ \
 \\/  ___)| |_)| | | | | || (_| |  ) ) ) )
  '  |____| .__|_| |_|_| |_\__, | / / / /
 =========|_|==============|___/=/_/_/_/
 :: Spring Boot ::        (v2.1.7.RELEASE)

2020-03-09 17:09:42.573  INFO 2880 --- [    Test worker] c.d.b.s.web.IndexControllerTest          : Starting IndexControllerTest on DESKTOP-ANJ5GB2 with PID 2880 (started by DreamTheater in C:\Dyson\programmer\IDE\IntelliJ)
2020-03-09 17:09:42.574  INFO 2880 --- [    Test worker] c.d.b.s.web.IndexControllerTest          : The following profiles are active: real-oauth
2020-03-09 17:09:42.860  INFO 2880 --- [    Test worker] .s.d.r.c.RepositoryConfigurationDelegate : Bootstrapping Spring Data repositories in DEFAULT mode.
2020-03-09 17:09:42.888  INFO 2880 --- [    Test worker] .s.d.r.c.RepositoryConfigurationDelegate : Finished Spring Data repository scanning in 28ms. Found 2 repository interfaces.
2020-03-09 17:09:43.003  INFO 2880 --- [    Test worker] trationDelegate$BeanPostProcessorChecker : Bean 'org.springframework.transaction.annotation.ProxyTransactionManagementConfiguration' of type [org.springframework.transaction.annotation.ProxyTransactionManagementConfiguration$$EnhancerBySpringCGLIB$$29788bff] is not eligible for getting processed by all BeanPostProcessors (for example: not eligible for auto-proxying)
2020-03-09 17:09:43.285  INFO 2880 --- [    Test worker] o.s.b.w.embedded.tomcat.TomcatWebServer  : Tomcat initialized with port(s): 0 (http)
2020-03-09 17:09:43.319  INFO 2880 --- [    Test worker] o.apache.catalina.core.StandardService   : Starting service [Tomcat]
2020-03-09 17:09:43.319  INFO 2880 --- [    Test worker] org.apache.catalina.core.StandardEngine  : Starting Servlet engine: [Apache Tomcat/9.0.22]
2020-03-09 17:09:43.748  INFO 2880 --- [    Test worker] o.a.c.c.C.[Tomcat].[localhost].[/]       : Initializing Spring embedded WebApplicationContext
2020-03-09 17:09:43.749  INFO 2880 --- [    Test worker] o.s.web.context.ContextLoader            : Root WebApplicationContext: initialization completed in 1171 ms
2020-03-09 17:09:43.971  INFO 2880 --- [    Test worker] com.zaxxer.hikari.HikariDataSource       : HikariPool-2 - Starting...
2020-03-09 17:09:43.973  INFO 2880 --- [    Test worker] com.zaxxer.hikari.HikariDataSource       : HikariPool-2 - Start completed.
2020-03-09 17:09:44.031  INFO 2880 --- [    Test worker] o.hibernate.jpa.internal.util.LogHelper  : HHH000204: Processing PersistenceUnitInfo [
	name: default
	...]
2020-03-09 17:09:44.043  INFO 2880 --- [    Test worker] org.hibernate.dialect.Dialect            : HHH000400: Using dialect: org.hibernate.dialect.MySQL5InnoDBDialect
Hibernate: drop table if exists posts
Hibernate: drop table if exists user
Hibernate: create table posts (id bigint not null auto_increment, created_date datetime, modified_date datetime, author varchar(255), content TEXT not null, title varchar(500) not null, primary key (id)) engine=InnoDB
Hibernate: create table user (id bigint not null auto_increment, created_date datetime, modified_date datetime, email varchar(255) not null, name varchar(255) not null, picture varchar(255), role varchar(255) not null, primary key (id)) engine=InnoDB
2020-03-09 17:09:44.104  INFO 2880 --- [    Test worker] o.h.t.schema.internal.SchemaCreatorImpl  : HHH000476: Executing import script 'org.hibernate.tool.schema.internal.exec.ScriptSourceInputNonExistentImpl@30ca2457'
2020-03-09 17:09:44.104  INFO 2880 --- [    Test worker] j.LocalContainerEntityManagerFactoryBean : Initialized JPA EntityManagerFactory for persistence unit 'default'
2020-03-09 17:09:44.461  INFO 2880 --- [    Test worker] o.h.h.i.QueryTranslatorFactoryInitiator  : HHH000397: Using ASTQueryTranslatorFactory
2020-03-09 17:09:44.681  INFO 2880 --- [    Test worker] o.s.s.web.DefaultSecurityFilterChain     : Creating filter chain: any request, [org.springframework.security.web.context.request.async.WebAsyncManagerIntegrationFilter@516926cb, org.springframework.security.web.context.SecurityContextPersistenceFilter@2cefa62d, org.springframework.security.web.header.HeaderWriterFilter@790eb212, org.springframework.security.web.authentication.logout.LogoutFilter@3d3e40c7, org.springframework.security.oauth2.client.web.OAuth2AuthorizationRequestRedirectFilter@348d8195, org.springframework.security.oauth2.client.web.OAuth2LoginAuthenticationFilter@744ead5d, org.springframework.security.web.authentication.ui.DefaultLoginPageGeneratingFilter@6c315da2, org.springframework.security.web.authentication.ui.DefaultLogoutPageGeneratingFilter@fa483e3, org.springframework.security.web.savedrequest.RequestCacheAwareFilter@4fe78b2, org.springframework.security.web.servletapi.SecurityContextHolderAwareRequestFilter@86cd41d, org.springframework.security.web.authentication.AnonymousAuthenticationFilter@57fd2aab, org.springframework.security.web.session.SessionManagementFilter@4975b993, org.springframework.security.web.access.ExceptionTranslationFilter@5bae72f0, org.springframework.security.web.access.intercept.FilterSecurityInterceptor@4932f439]
2020-03-09 17:09:44.978  INFO 2880 --- [    Test worker] o.s.s.concurrent.ThreadPoolTaskExecutor  : Initializing ExecutorService 'applicationTaskExecutor'
2020-03-09 17:09:44.994  WARN 2880 --- [    Test worker] aWebConfiguration$JpaWebMvcConfiguration : spring.jpa.open-in-view is enabled by default. Therefore, database queries may be performed during view rendering. Explicitly configure spring.jpa.open-in-view to disable this warning
2020-03-09 17:09:45.036  INFO 2880 --- [    Test worker] o.s.b.a.w.s.WelcomePageHandlerMapping    : Adding welcome page template: index
2020-03-09 17:09:45.367  INFO 2880 --- [    Test worker] s.a.ScheduledAnnotationBeanPostProcessor : No TaskScheduler/ScheduledExecutorService bean found for scheduled processing
2020-03-09 17:09:45.387  INFO 2880 --- [    Test worker] o.s.b.w.embedded.tomcat.TomcatWebServer  : Tomcat started on port(s): 1144 (http) with context path ''
2020-03-09 17:09:45.388  INFO 2880 --- [    Test worker] c.d.b.s.web.IndexControllerTest          : Started IndexControllerTest in 2.881 seconds (JVM running for 13.301)
2020-03-09 17:09:45.505  INFO 2880 --- [o-auto-1-exec-1] o.a.c.c.C.[Tomcat].[localhost].[/]       : Initializing Spring DispatcherServlet 'dispatcherServlet'
2020-03-09 17:09:45.506  INFO 2880 --- [o-auto-1-exec-1] o.s.web.servlet.DispatcherServlet        : Initializing Servlet 'dispatcherServlet'
2020-03-09 17:09:45.533  INFO 2880 --- [o-auto-1-exec-1] o.s.web.servlet.DispatcherServlet        : Completed initialization in 27 ms
Hibernate: select posts0_.id as id1_0_, posts0_.created_date as created_2_0_, posts0_.modified_date as modified3_0_, posts0_.author as author4_0_, posts0_.content as content5_0_, posts0_.title as title6_0_ from posts posts0_ order by posts0_.id DESC
]]></system-out>
  <system-err><![CDATA[]]></system-err>
</testsuite>
