<?xml version="1.0" encoding="UTF-8"?>
<testsuite name="com.dyson.book.springboot.web.HelloControllerTest" tests="2" skipped="0" failures="0" errors="0" timestamp="2020-03-04T03:41:43" hostname="DESKTOP-ANJ5GB2" time="0.172">
  <properties/>
  <testcase name="hello가_리턴된다" classname="com.dyson.book.springboot.web.HelloControllerTest" time="0.067"/>
  <testcase name="helloDto가_리턴된다" classname="com.dyson.book.springboot.web.HelloControllerTest" time="0.104"/>
  <system-out><![CDATA[2020-03-04 12:41:42.514  INFO 10664 --- [    Test worker] .b.t.a.w.s.WebMvcTestContextBootstrapper : Neither @ContextConfiguration nor @ContextHierarchy found for test class [com.dyson.book.springboot.web.HelloControllerTest], using SpringBootContextLoader
2020-03-04 12:41:42.515  INFO 10664 --- [    Test worker] o.s.t.c.support.AbstractContextLoader    : Could not detect default resource locations for test class [com.dyson.book.springboot.web.HelloControllerTest]: no resource found for suffixes {-context.xml, Context.groovy}.
2020-03-04 12:41:42.515  INFO 10664 --- [    Test worker] t.c.s.AnnotationConfigContextLoaderUtils : Could not detect default configuration classes for test class [com.dyson.book.springboot.web.HelloControllerTest]: HelloControllerTest does not declare any static, non-private, non-final, nested classes annotated with @Configuration.
2020-03-04 12:41:42.541  INFO 10664 --- [    Test worker] .b.t.c.SpringBootTestContextBootstrapper : Found @SpringBootConfiguration com.dyson.book.springboot.Application for test class com.dyson.book.springboot.web.HelloControllerTest
2020-03-04 12:41:42.542  INFO 10664 --- [    Test worker] .b.t.a.w.s.WebMvcTestContextBootstrapper : Loaded default TestExecutionListener class names from location [META-INF/spring.factories]: [org.springframework.security.test.context.support.WithSecurityContextTestExecutionListener, org.springframework.security.test.context.support.ReactorContextTestExecutionListener, org.springframework.boot.test.autoconfigure.restdocs.RestDocsTestExecutionListener, org.springframework.boot.test.autoconfigure.web.client.MockRestServiceServerResetTestExecutionListener, org.springframework.boot.test.autoconfigure.web.servlet.MockMvcPrintOnlyOnFailureTestExecutionListener, org.springframework.boot.test.autoconfigure.web.servlet.WebDriverTestExecutionListener, org.springframework.boot.test.mock.mockito.MockitoTestExecutionListener, org.springframework.boot.test.mock.mockito.ResetMocksTestExecutionListener, org.springframework.test.context.web.ServletTestExecutionListener, org.springframework.test.context.support.DirtiesContextBeforeModesTestExecutionListener, org.springframework.test.context.support.DependencyInjectionTestExecutionListener, org.springframework.test.context.support.DirtiesContextTestExecutionListener, org.springframework.test.context.transaction.TransactionalTestExecutionListener, org.springframework.test.context.jdbc.SqlScriptsTestExecutionListener]
2020-03-04 12:41:42.543  INFO 10664 --- [    Test worker] .b.t.a.w.s.WebMvcTestContextBootstrapper : Using TestExecutionListeners: [org.springframework.test.context.web.ServletTestExecutionListener@94ca3fd, org.springframework.test.context.support.DirtiesContextBeforeModesTestExecutionListener@e858e58, org.springframework.boot.test.mock.mockito.MockitoTestExecutionListener@3afd870, org.springframework.boot.test.autoconfigure.SpringBootDependencyInjectionTestExecutionListener@1103f1ca, org.springframework.test.context.support.DirtiesContextTestExecutionListener@7dbceb5c, org.springframework.test.context.transaction.TransactionalTestExecutionListener@5f694dfd, org.springframework.test.context.jdbc.SqlScriptsTestExecutionListener@22786238, org.springframework.security.test.context.support.WithSecurityContextTestExecutionListener@2cfb5a1c, org.springframework.security.test.context.support.ReactorContextTestExecutionListener@3607a2d4, org.springframework.boot.test.autoconfigure.restdocs.RestDocsTestExecutionListener@2394174c, org.springframework.boot.test.autoconfigure.web.client.MockRestServiceServerResetTestExecutionListener@429cd8a4, org.springframework.boot.test.autoconfigure.web.servlet.MockMvcPrintOnlyOnFailureTestExecutionListener@34c14151, org.springframework.boot.test.autoconfigure.web.servlet.WebDriverTestExecutionListener@3f5b541f, org.springframework.boot.test.mock.mockito.ResetMocksTestExecutionListener@3cf61acf]

  .   ____          _            __ _ _
 /\\ / ___'_ __ _ _(_)_ __  __ _ \ \ \ \
( ( )\___ | '_ | '_| | '_ \/ _` | \ \ \ \
 \\/  ___)| |_)| | | | | || (_| |  ) ) ) )
  '  |____| .__|_| |_|_| |_\__, | / / / /
 =========|_|==============|___/=/_/_/_/
 :: Spring Boot ::        (v2.1.7.RELEASE)

2020-03-04 12:41:42.580  INFO 10664 --- [    Test worker] c.d.b.s.web.HelloControllerTest          : Starting HelloControllerTest on DESKTOP-ANJ5GB2 with PID 10664 (started by DreamTheater in C:\Dyson\programmer\IDE\IntelliJ)
2020-03-04 12:41:42.581  INFO 10664 --- [    Test worker] c.d.b.s.web.HelloControllerTest          : No active profile set, falling back to default profiles: default
2020-03-04 12:41:43.015  INFO 10664 --- [    Test worker] o.s.s.concurrent.ThreadPoolTaskExecutor  : Initializing ExecutorService 'applicationTaskExecutor'
2020-03-04 12:41:43.049  INFO 10664 --- [    Test worker] o.s.b.a.w.s.WelcomePageHandlerMapping    : Adding welcome page template: index
2020-03-04 12:41:43.259  INFO 10664 --- [    Test worker] .s.s.UserDetailsServiceAutoConfiguration : 

Using generated security password: ed4ad779-7a37-48df-a40f-14377d464fb8

2020-03-04 12:41:43.404  INFO 10664 --- [    Test worker] o.s.s.web.DefaultSecurityFilterChain     : Creating filter chain: any request, [org.springframework.security.web.context.request.async.WebAsyncManagerIntegrationFilter@38630b15, org.springframework.security.web.context.SecurityContextPersistenceFilter@678104a7, org.springframework.security.web.header.HeaderWriterFilter@7929565b, org.springframework.security.web.csrf.CsrfFilter@3fdbf58a, org.springframework.security.web.authentication.logout.LogoutFilter@7e1d27a9, org.springframework.security.web.authentication.UsernamePasswordAuthenticationFilter@ad44c5d, org.springframework.security.web.authentication.ui.DefaultLoginPageGeneratingFilter@629f8259, org.springframework.security.web.authentication.ui.DefaultLogoutPageGeneratingFilter@75002f3a, org.springframework.security.web.authentication.www.BasicAuthenticationFilter@5a59f18f, org.springframework.security.web.savedrequest.RequestCacheAwareFilter@3c3e76ab, org.springframework.security.web.servletapi.SecurityContextHolderAwareRequestFilter@f1664f9, org.springframework.security.web.authentication.AnonymousAuthenticationFilter@60c06d9c, org.springframework.security.web.session.SessionManagementFilter@193e9b51, org.springframework.security.web.access.ExceptionTranslationFilter@66b7aa66, org.springframework.security.web.access.intercept.FilterSecurityInterceptor@1d369da5]
2020-03-04 12:41:43.440  INFO 10664 --- [    Test worker] o.s.b.t.m.w.SpringBootMockServletContext : Initializing Spring TestDispatcherServlet ''
2020-03-04 12:41:43.440  INFO 10664 --- [    Test worker] o.s.t.web.servlet.TestDispatcherServlet  : Initializing Servlet ''
2020-03-04 12:41:43.452  INFO 10664 --- [    Test worker] o.s.t.web.servlet.TestDispatcherServlet  : Completed initialization in 12 ms
2020-03-04 12:41:43.479  INFO 10664 --- [    Test worker] c.d.b.s.web.HelloControllerTest          : Started HelloControllerTest in 0.934 seconds (JVM running for 8.857)
]]></system-out>
  <system-err><![CDATA[]]></system-err>
</testsuite>
